<?xml version="1.0" encoding="UTF-8"?>
<testsuite name="org.libreplan.business.test.orders.entities.SchedulingStateTest" time="0.021" tests="33" errors="0" skipped="0" failures="0">
  <properties>
[...]
</properties>
  <testcase name="aNotScheduledElementCantBeUnScheduled" classname="org.libreplan.business.test.orders.entities.SchedulingStateTest" time="0"/>
  <testcase name="aNoScheduledElementCanBeScheduled" classname="org.libreplan.business.test.orders.entities.SchedulingStateTest" time="0.002"/>
  <testcase name="aCompletelyScheduledElementCanBeUnScheduled" classname="org.libreplan.business.test.orders.entities.SchedulingStateTest" time="0"/>
  <testcase name="aSchedulingPointCantBeScheduled" classname="org.libreplan.business.test.orders.entities.SchedulingStateTest" time="0"/>
  <testcase name="aScheduledElementIsCompletelyScheduled" classname="org.libreplan.business.test.orders.entities.SchedulingStateTest" time="0.001"/>
  <testcase name="rootIsPartiallyScheduledWhenSchedulingOneOfTheChildren" classname="org.libreplan.business.test.orders.entities.SchedulingStateTest" time="0.001"/>
  <testcase name="movingAScheduledSubelementToAScheduledSuperElementMakesItNoScheduled" classname="org.libreplan.business.test.orders.entities.SchedulingStateTest" time="0"/>
  <testcase name="whenSchedulingAElementItTurnsAllItsDescendantsIntoScheduledSubelements" classname="org.libreplan.business.test.orders.entities.SchedulingStateTest" time="0"/>
  <testcase name="scheduledSubelementsCantBeScheduled" classname="org.libreplan.business.test.orders.entities.SchedulingStateTest" time="0"/>
  <testcase name="afterUnSchedulingItsNotScheduled" classname="org.libreplan.business.test.orders.entities.SchedulingStateTest" time="0.001"/>
  <testcase name="whenChangingTheTypeItsNotified" classname="org.libreplan.business.test.orders.entities.SchedulingStateTest" time="0"/>
  <testcase name="whenSchedulingAGrandChildrenTheRootIsPartiallyScheduled" classname="org.libreplan.business.test.orders.entities.SchedulingStateTest" time="0"/>
  <testcase name="removingTheOnlyNoScheduled" classname="org.libreplan.business.test.orders.entities.SchedulingStateTest" time="0.001"/>
  <testcase name="theChangeOfTypeIsNotified" classname="org.libreplan.business.test.orders.entities.SchedulingStateTest" time="0"/>
  <testcase name="cannotCreateASchedulingStateWithChildrenAlreadyAssigned" classname="org.libreplan.business.test.orders.entities.SchedulingStateTest" time="0.01"/>
  <testcase name="afterRemovingTheListenerItsNotNotified" classname="org.libreplan.business.test.orders.entities.SchedulingStateTest" time="0.001"/>
  <testcase name="ifSchedulingAllGrandChildrenTheRootIsCompletelyScheduled" classname="org.libreplan.business.test.orders.entities.SchedulingStateTest" time="0"/>
  <testcase name="theRootOfASchedulingStateTreeHasNoParent" classname="org.libreplan.business.test.orders.entities.SchedulingStateTest" time="0"/>
  <testcase name="anAddedSchedulingStateHasAParent" classname="org.libreplan.business.test.orders.entities.SchedulingStateTest" time="0.001"/>
  <testcase name="removingAllTheChildrenOfACompletelyScheduledSuperelementMakesItNoScheduled" classname="org.libreplan.business.test.orders.entities.SchedulingStateTest" time="0"/>
  <testcase name="aSomewhatScheduledElemenetCannotBeScheduled" classname="org.libreplan.business.test.orders.entities.SchedulingStateTest" time="0"/>
  <testcase name="scheduledSubelementsCantBeUnScheduled" classname="org.libreplan.business.test.orders.entities.SchedulingStateTest" time="0.001"/>
  <testcase name="whenSchedulingAElementItTursIntoASchedulingPoint" classname="org.libreplan.business.test.orders.entities.SchedulingStateTest" time="0"/>
  <testcase name="callingUnscheduleIfYouCantScheduleThrowsException" classname="org.libreplan.business.test.orders.entities.SchedulingStateTest" time="0.001"/>
  <testcase name="ifHasNoParentItsRoot" classname="org.libreplan.business.test.orders.entities.SchedulingStateTest" time="0"/>
  <testcase name="afterUnschedulingAllDescendantsAreNoScheduled" classname="org.libreplan.business.test.orders.entities.SchedulingStateTest" time="0"/>
  <testcase name="rootIsCompletelyScheduledWhenSchedulingAllOfTheChildren" classname="org.libreplan.business.test.orders.entities.SchedulingStateTest" time="0"/>
  <testcase name="addingAChildrenThatAlreadyHasBeenAddedIsIgnored" classname="org.libreplan.business.test.orders.entities.SchedulingStateTest" time="0.001"/>
  <testcase name="aNewlyCreatedSchedulingStateIsNoScheduled" classname="org.libreplan.business.test.orders.entities.SchedulingStateTest" time="0"/>
  <testcase name="addingANewChildToACompletelyScheduled" classname="org.libreplan.business.test.orders.entities.SchedulingStateTest" time="0"/>
  <testcase name="addingAChildToAScheduledSubelementMakesItAScheduledSubelementAndAllItsDescendants" classname="org.libreplan.business.test.orders.entities.SchedulingStateTest" time="0"/>
  <testcase name="addingAChildToASchedulingPointMakesItAScheduledSubelementAndAllItsDescendants" classname="org.libreplan.business.test.orders.entities.SchedulingStateTest" time="0"/>
  <testcase name="removingAChildMakesItHasNoParent" classname="org.libreplan.business.test.orders.entities.SchedulingStateTest" time="0"/>
</testsuite>