<?xml version="1.0" encoding="UTF-8"?>
<testsuite name="org.libreplan.business.test.planner.entities.StretchesFunctionTest" time="0.009" tests="25" errors="0" skipped="0" failures="0">
  <properties>
[...]
</properties>
  <testcase name="ifTheIntervalStartIsNotNullReturnsItsStartDate" classname="org.libreplan.business.test.planner.entities.StretchesFunctionTest" time="0.001"/>
  <testcase name="ifTheIntervalEndIsNotNullReturnsItsEndDate" classname="org.libreplan.business.test.planner.entities.StretchesFunctionTest" time="0"/>
  <testcase name="oneStrechImpliesThreeInterval" classname="org.libreplan.business.test.planner.entities.StretchesFunctionTest" time="0.003"/>
  <testcase name="theLastStrechMustHaveAllTheLoad" classname="org.libreplan.business.test.planner.entities.StretchesFunctionTest" time="0"/>
  <testcase name="endDateCannotBeNull" classname="org.libreplan.business.test.planner.entities.StretchesFunctionTest" time="0.001"/>
  <testcase name="stretchesFunctionCheckStretchesOrder1" classname="org.libreplan.business.test.planner.entities.StretchesFunctionTest" time="0"/>
  <testcase name="stretchesFunctionCheckStretchesOrder2" classname="org.libreplan.business.test.planner.entities.StretchesFunctionTest" time="0"/>
  <testcase name="stretchesFunctionCheckStretchesOrder3" classname="org.libreplan.business.test.planner.entities.StretchesFunctionTest" time="0"/>
  <testcase name="stretchesFunctionCheckStretchesOrder4" classname="org.libreplan.business.test.planner.entities.StretchesFunctionTest" time="0"/>
  <testcase name="stretchesFunctionCheckStretchesOrder5" classname="org.libreplan.business.test.planner.entities.StretchesFunctionTest" time="0"/>
  <testcase name="stretchesFunctionCheckStretchesOrder6" classname="org.libreplan.business.test.planner.entities.StretchesFunctionTest" time="0"/>
  <testcase name="stretchesFunctionCheckStretchesOrder7" classname="org.libreplan.business.test.planner.entities.StretchesFunctionTest" time="0"/>
  <testcase name="stretchesFunctionCheckStretchesOrder8" classname="org.libreplan.business.test.planner.entities.StretchesFunctionTest" time="0"/>
  <testcase name="stretchesFunctionCheckStretchesOrder9" classname="org.libreplan.business.test.planner.entities.StretchesFunctionTest" time="0"/>
  <testcase name="stretchesFunctionCheckOneHundredPercent1" classname="org.libreplan.business.test.planner.entities.StretchesFunctionTest" time="0"/>
  <testcase name="stretchesFunctionCheckOneHundredPercent2" classname="org.libreplan.business.test.planner.entities.StretchesFunctionTest" time="0.001"/>
  <testcase name="theLastIntervalHasStart" classname="org.libreplan.business.test.planner.entities.StretchesFunctionTest" time="0"/>
  <testcase name="checkCalculatedDateForStretches" classname="org.libreplan.business.test.planner.entities.StretchesFunctionTest" time="0"/>
  <testcase name="ifTheIntervalStartIsNullReturnsThePassedStartDate" classname="org.libreplan.business.test.planner.entities.StretchesFunctionTest" time="0"/>
  <testcase name="oneStrechImpliesOneIntervalUntilDateWithLoadSpecifiedByStrech" classname="org.libreplan.business.test.planner.entities.StretchesFunctionTest" time="0"/>
  <testcase name="aIntervalInTheMiddleHasStart" classname="org.libreplan.business.test.planner.entities.StretchesFunctionTest" time="0.001"/>
  <testcase name="eachIntervalHasTheCorrespondingLoadForThatInterval" classname="org.libreplan.business.test.planner.entities.StretchesFunctionTest" time="0.002"/>
  <testcase name="ifNoStrechesNoIntervalDefinedByStreches" classname="org.libreplan.business.test.planner.entities.StretchesFunctionTest" time="0"/>
  <testcase name="stretchesFunctionCheckNoEmpty1" classname="org.libreplan.business.test.planner.entities.StretchesFunctionTest" time="0"/>
  <testcase name="stretchesFunctionCheckNoEmpty2" classname="org.libreplan.business.test.planner.entities.StretchesFunctionTest" time="0"/>
</testsuite>