<?xml version="1.0" encoding="UTF-8"?>
<testsuite name="org.libreplan.web.orders.OrderElementTreeModelTest" time="9.203" tests="37" errors="0" skipped="0" failures="0">
  <properties>
[...]
</properties>
  <testcase name="checkMoveOrderLineGroupWithAdvanceOnChildToOrderLineInGroupWithSameAdvance" classname="org.libreplan.web.orders.OrderElementTreeModelTest" time="0.458"/>
  <testcase name="checkAddAdvanceOnParent" classname="org.libreplan.web.orders.OrderElementTreeModelTest" time="0.275"/>
  <testcase name="checkMoveOrderLineWithCriteriaAndAdvancesToOrderLineGroupWithCriteriaAndAdvances" classname="org.libreplan.web.orders.OrderElementTreeModelTest" time="0.31"/>
  <testcase name="checkMoveOrderLineGroupWithLabelOnChildToOrderLineGroupWithSameLabel" classname="org.libreplan.web.orders.OrderElementTreeModelTest" time="0.279"/>
  <testcase name="checkIndentOrderLineWithCriteriaAndAdvances" classname="org.libreplan.web.orders.OrderElementTreeModelTest" time="0.757"/>
  <testcase name="checkMoveOrderLineWithCriterionToOrderLineGroupWithSameCriterion" classname="org.libreplan.web.orders.OrderElementTreeModelTest" time="0.322"/>
  <testcase name="checkAddAssignmentOnChild" classname="org.libreplan.web.orders.OrderElementTreeModelTest" time="0.302"/>
  <testcase name="checkIndentOnOrderLineGroupWithCriteriaAndAdvances" classname="org.libreplan.web.orders.OrderElementTreeModelTest" time="0.313"/>
  <testcase name="checkMoveOrderLineGroupWithAdvanceOnChildToOrderLineGroupWithSameAdvance" classname="org.libreplan.web.orders.OrderElementTreeModelTest" time="0.274"/>
  <testcase name="checkIndentOnOrderLineWithCriteriaAndAdvances" classname="org.libreplan.web.orders.OrderElementTreeModelTest" time="0.248"/>
  <testcase name="checkMoveOrderGroupLineWithLabelToOrderLineInGroupWithSameLabel" classname="org.libreplan.web.orders.OrderElementTreeModelTest" time="0.208"/>
  <testcase name="checkMoveOrderLineWithAdvanceToOrderLineGroupWithSameAdvanceType" classname="org.libreplan.web.orders.OrderElementTreeModelTest" time="0.209"/>
  <testcase name="checkAddElementOnOrderLineWithCriteriaAndAdvances" classname="org.libreplan.web.orders.OrderElementTreeModelTest" time="0.229"/>
  <testcase name="checkMoveOrderLineWithCriteriaAndAdvancesToOrderLineWithCriteriaAndAdvances" classname="org.libreplan.web.orders.OrderElementTreeModelTest" time="0.27"/>
  <testcase name="checkMoveOrderGroupLineWithLabelToOrderLineGroupWithSameLabel" classname="org.libreplan.web.orders.OrderElementTreeModelTest" time="0.22"/>
  <testcase name="checkRemoveElementWithCriteriaAndAdvancesOnChild" classname="org.libreplan.web.orders.OrderElementTreeModelTest" time="0.197"/>
  <testcase name="checkMoveOrderGroupLineWithCriterionToOrderLineInGroupWithSameCriterion" classname="org.libreplan.web.orders.OrderElementTreeModelTest" time="0.186"/>
  <testcase name="checkRemoveElementWithAdvanceOnChildWhichSpread" classname="org.libreplan.web.orders.OrderElementTreeModelTest" time="0.161"/>
  <testcase name="checkMoveOrderLineWithLabelToOrderLineGroupWithSameLabel" classname="org.libreplan.web.orders.OrderElementTreeModelTest" time="0.17"/>
  <testcase name="checkAddElementWithCriteriaAndAdvancesOnParent" classname="org.libreplan.web.orders.OrderElementTreeModelTest" time="0.218"/>
  <testcase name="checkRemoveElementWithCriteriaAndAdvancesOnParent" classname="org.libreplan.web.orders.OrderElementTreeModelTest" time="0.301"/>
  <testcase name="checkPreservationOfInvalidatedIndirectCriterionRequirementInToLeaf" classname="org.libreplan.web.orders.OrderElementTreeModelTest" time="0.263"/>
  <testcase name="checkRemoveElementOnOnlyOrderLineWithCriteriaAndAdvances" classname="org.libreplan.web.orders.OrderElementTreeModelTest" time="0.336"/>
  <testcase name="checkMoveOrderLineGroupWithCriterionOnChildToOrderLineInGroupWithSameCriterion" classname="org.libreplan.web.orders.OrderElementTreeModelTest" time="0.267"/>
  <testcase name="checkAddElementOnOrderLineGroupWithCriteriaAndAdvances" classname="org.libreplan.web.orders.OrderElementTreeModelTest" time="0.216"/>
  <testcase name="checkAddCriterionOnChild" classname="org.libreplan.web.orders.OrderElementTreeModelTest" time="0.194"/>
  <testcase name="checkMoveOrderLineGroupWithAdvanceToOrderLineGroupWithSameAdvance" classname="org.libreplan.web.orders.OrderElementTreeModelTest" time="0.177"/>
  <testcase name="checkChildrenAdvanceIsCreatedAndMarkedAsSpreadInOrder" classname="org.libreplan.web.orders.OrderElementTreeModelTest" time="0.154"/>
  <testcase name="checkUnindentOrderLineWithCriteriaAndAdvances" classname="org.libreplan.web.orders.OrderElementTreeModelTest" time="0.302"/>
  <testcase name="checkMoveOrderGroupLineWithCriterionToOrderLineGroupWithSameCriterion" classname="org.libreplan.web.orders.OrderElementTreeModelTest" time="0.156"/>
  <testcase name="checkAddCriterionOnParent" classname="org.libreplan.web.orders.OrderElementTreeModelTest" time="0.216"/>
  <testcase name="checkMoveOrderLineWithAdvanceToOrderLineInGroupWithSameAdvanceType" classname="org.libreplan.web.orders.OrderElementTreeModelTest" time="0.166"/>
  <testcase name="checkMoveOrderLineGroupWithAdvanceToOrderLineInGroupWithSameAdvance" classname="org.libreplan.web.orders.OrderElementTreeModelTest" time="0.153"/>
  <testcase name="checkMoveOrderLineWithLabelToOrderLineInGroupWithSameLabel" classname="org.libreplan.web.orders.OrderElementTreeModelTest" time="0.148"/>
  <testcase name="checkMoveOrderLineGroupWithCriterionOnChildToOrderLineGroupWithSameCriterion" classname="org.libreplan.web.orders.OrderElementTreeModelTest" time="0.173"/>
  <testcase name="checkMoveOrderLineGroupWithLabelOnChildToOrderLineInGroupWithSameLabel" classname="org.libreplan.web.orders.OrderElementTreeModelTest" time="0.166"/>
  <testcase name="checkMoveOrderLineWithCriterionToOrderLineInGroupWithSameCriterion" classname="org.libreplan.web.orders.OrderElementTreeModelTest" time="0.209"/>
</testsuite>