<?xml version="1.0" encoding="UTF-8"?>
<testsuite name="org.libreplan.web.test.ws.orders.OrderElementServiceTest" time="7.198" tests="34" errors="0" skipped="0" failures="0">
  <properties>
[...]
</properties>
  <testcase name="validOrderWithAdvanceMeasurements" classname="org.libreplan.web.test.ws.orders.OrderElementServiceTest" time="0.356"/>
  <testcase name="orderWithInvalidOrderLine" classname="org.libreplan.web.test.ws.orders.OrderElementServiceTest" time="0.09"/>
  <testcase name="importDirectCriterionRequirementsAndIndirectCriterionRequirements" classname="org.libreplan.web.test.ws.orders.OrderElementServiceTest" time="0.38"/>
  <testcase name="invalidOrderWithInvalidAdvanceMeasurements" classname="org.libreplan.web.test.ws.orders.OrderElementServiceTest" time="0.081"/>
  <testcase name="orderWithOrderLineGroupWithoutCode" classname="org.libreplan.web.test.ws.orders.OrderElementServiceTest" time="0.069"/>
  <testcase name="updateLabels" classname="org.libreplan.web.test.ws.orders.OrderElementServiceTest" time="0.415"/>
  <testcase name="testCannotExistTwoOrderElementsWithTheSameCode" classname="org.libreplan.web.test.ws.orders.OrderElementServiceTest" time="0.098"/>
  <testcase name="invalidOrderWithoutNameAndInitDate" classname="org.libreplan.web.test.ws.orders.OrderElementServiceTest" time="0.105"/>
  <testcase name="orderWithInvalidMaterialAssignment" classname="org.libreplan.web.test.ws.orders.OrderElementServiceTest" time="0.063"/>
  <testcase name="validOrderWithOrderLine" classname="org.libreplan.web.test.ws.orders.OrderElementServiceTest" time="0.306"/>
  <testcase name="orderWithInvalidMaterialAssignmentWithoutUnitsAndUnitPrice" classname="org.libreplan.web.test.ws.orders.OrderElementServiceTest" time="0.107"/>
  <testcase name="updateCriterionRequirements" classname="org.libreplan.web.test.ws.orders.OrderElementServiceTest" time="0.413"/>
  <testcase name="orderWithOrderLineGroupWithoutHoursGroup" classname="org.libreplan.web.test.ws.orders.OrderElementServiceTest" time="0.089"/>
  <testcase name="validOrderWithOrderLineGroup" classname="org.libreplan.web.test.ws.orders.OrderElementServiceTest" time="0.111"/>
  <testcase name="validOrder" classname="org.libreplan.web.test.ws.orders.OrderElementServiceTest" time="0.102"/>
  <testcase name="invalidOrderWithoutCode" classname="org.libreplan.web.test.ws.orders.OrderElementServiceTest" time="0.091"/>
  <testcase name="invalidOrderWithoutName" classname="org.libreplan.web.test.ws.orders.OrderElementServiceTest" time="0.071"/>
  <testcase name="updateHoursGroup" classname="org.libreplan.web.test.ws.orders.OrderElementServiceTest" time="0.388"/>
  <testcase name="validOrderWithLabel" classname="org.libreplan.web.test.ws.orders.OrderElementServiceTest" time="0.296"/>
  <testcase name="invalidOrderWithoutInitDate" classname="org.libreplan.web.test.ws.orders.OrderElementServiceTest" time="0.073"/>
  <testcase name="orderWithOrderLineWithInvalidHoursGroup" classname="org.libreplan.web.test.ws.orders.OrderElementServiceTest" time="0.107"/>
  <testcase name="orderWithOrderLineWithoutCode" classname="org.libreplan.web.test.ws.orders.OrderElementServiceTest" time="0.064"/>
  <testcase name="validOrderWithMaterialAssignment" classname="org.libreplan.web.test.ws.orders.OrderElementServiceTest" time="0.419"/>
  <testcase name="updateMaterialAssignment" classname="org.libreplan.web.test.ws.orders.OrderElementServiceTest" time="0.462"/>
  <testcase name="orderWithInvalidOrderLineGroup" classname="org.libreplan.web.test.ws.orders.OrderElementServiceTest" time="0.097"/>
  <testcase name="invalidOrderWithoutAttributes" classname="org.libreplan.web.test.ws.orders.OrderElementServiceTest" time="0.128"/>
  <testcase name="orderWithInvalidLabel" classname="org.libreplan.web.test.ws.orders.OrderElementServiceTest" time="0.12"/>
  <testcase name="updateAdvanceMeasurements" classname="org.libreplan.web.test.ws.orders.OrderElementServiceTest" time="0.364"/>
  <testcase name="updateDirectCriterionRequirementsAndIndirectCriterionRequirements" classname="org.libreplan.web.test.ws.orders.OrderElementServiceTest" time="0.394"/>
  <testcase name="testCannotExistTwoHoursGroupWithTheSameCode" classname="org.libreplan.web.test.ws.orders.OrderElementServiceTest" time="0.119"/>
  <testcase name="validOrderWithCriterionRequirements" classname="org.libreplan.web.test.ws.orders.OrderElementServiceTest" time="0.247"/>
  <testcase name="removeOrderElement" classname="org.libreplan.web.test.ws.orders.OrderElementServiceTest" time="0.449"/>
  <testcase name="invalidOrderWithCriterionRequirements" classname="org.libreplan.web.test.ws.orders.OrderElementServiceTest" time="0.142"/>
  <testcase name="validOrderWithDirectCriterionRequirementsAndIndidirectCriterionRequirements" classname="org.libreplan.web.test.ws.orders.OrderElementServiceTest" time="0.382"/>
</testsuite>