<?xml version="1.0" encoding="UTF-8"?>
<testsuite name="org.zkoss.ganttz.data.criticalpath.CriticalPathCalculatorTest" time="0.28" tests="63" errors="0" skipped="0" failures="0">
  <properties>
[...]
</properties>
  <testcase name="anotherExampleWithContiners" classname="org.zkoss.ganttz.data.criticalpath.CriticalPathCalculatorTest" time="0.14"/>
  <testcase name="complexExample" classname="org.zkoss.ganttz.data.criticalpath.CriticalPathCalculatorTest" time="0.011"/>
  <testcase name="startStartContainerExample2" classname="org.zkoss.ganttz.data.criticalpath.CriticalPathCalculatorTest" time="0.004"/>
  <testcase name="pairOfTasksEndEndFirstOfThemWithOneSubtask" classname="org.zkoss.ganttz.data.criticalpath.CriticalPathCalculatorTest" time="0.005"/>
  <testcase name="exampleStartStart2" classname="org.zkoss.ganttz.data.criticalpath.CriticalPathCalculatorTest" time="0.005"/>
  <testcase name="exampleStartStart3" classname="org.zkoss.ganttz.data.criticalpath.CriticalPathCalculatorTest" time="0.004"/>
  <testcase name="twoTasksWithSubtasksRelatedWithEndEnd2" classname="org.zkoss.ganttz.data.criticalpath.CriticalPathCalculatorTest" time="0.004"/>
  <testcase name="pairOfTasksEndEnd" classname="org.zkoss.ganttz.data.criticalpath.CriticalPathCalculatorTest" time="0.002"/>
  <testcase name="twoTasksWithSubtasksRelatedWithStartStart2" classname="org.zkoss.ganttz.data.criticalpath.CriticalPathCalculatorTest" time="0.004"/>
  <testcase name="twoTasksWithSubtasksRelatedWithStartStart3" classname="org.zkoss.ganttz.data.criticalpath.CriticalPathCalculatorTest" time="0.004"/>
  <testcase name="twoPairOfTasksNotConnected" classname="org.zkoss.ganttz.data.criticalpath.CriticalPathCalculatorTest" time="0.003"/>
  <testcase name="pairOfTasksStartStartFirstOfThemWithOneSubtask" classname="org.zkoss.ganttz.data.criticalpath.CriticalPathCalculatorTest" time="0.003"/>
  <testcase name="taskContainerWithOneSubtaskDependingOnOneTask" classname="org.zkoss.ganttz.data.criticalpath.CriticalPathCalculatorTest" time="0.003"/>
  <testcase name="examplePairOfTasksWithDependencyBothWithEqualConstraint1" classname="org.zkoss.ganttz.data.criticalpath.CriticalPathCalculatorTest" time="0.002"/>
  <testcase name="examplePairOfTasksWithDependencyBothWithEqualConstraint2" classname="org.zkoss.ganttz.data.criticalpath.CriticalPathCalculatorTest" time="0.004"/>
  <testcase name="examplePairOfTasksWithDependencyBothWithEqualConstraint3" classname="org.zkoss.ganttz.data.criticalpath.CriticalPathCalculatorTest" time="0.003"/>
  <testcase name="taskContainerWithContainerWithSubtask" classname="org.zkoss.ganttz.data.criticalpath.CriticalPathCalculatorTest" time="0.002"/>
  <testcase name="trivialBaseCaseWithTwoTasksNotConnected" classname="org.zkoss.ganttz.data.criticalpath.CriticalPathCalculatorTest" time="0.001"/>
  <testcase name="pairOfTasksStartStartFirstOfThemWithOneSubtask2" classname="org.zkoss.ganttz.data.criticalpath.CriticalPathCalculatorTest" time="0.002"/>
  <testcase name="pairOfTasksStartStart2" classname="org.zkoss.ganttz.data.criticalpath.CriticalPathCalculatorTest" time="0.001"/>
  <testcase name="pairOfTasksStartStart3" classname="org.zkoss.ganttz.data.criticalpath.CriticalPathCalculatorTest" time="0.002"/>
  <testcase name="exampleEndEnd2" classname="org.zkoss.ganttz.data.criticalpath.CriticalPathCalculatorTest" time="0.003"/>
  <testcase name="exampleEndEnd3" classname="org.zkoss.ganttz.data.criticalpath.CriticalPathCalculatorTest" time="0.002"/>
  <testcase name="exampleContainersWithContainers" classname="org.zkoss.ganttz.data.criticalpath.CriticalPathCalculatorTest" time="0.002"/>
  <testcase name="oneTaskWithTwoDependantTasksAndOneCommonDependantTask" classname="org.zkoss.ganttz.data.criticalpath.CriticalPathCalculatorTest" time="0.002"/>
  <testcase name="example" classname="org.zkoss.ganttz.data.criticalpath.CriticalPathCalculatorTest" time="0.005"/>
  <testcase name="twoTasksWithSubtasksRelatedWithStartStart" classname="org.zkoss.ganttz.data.criticalpath.CriticalPathCalculatorTest" time="0.002"/>
  <testcase name="oneTaskWithTwoDependantTasks" classname="org.zkoss.ganttz.data.criticalpath.CriticalPathCalculatorTest" time="0.002"/>
  <testcase name="pairOfTasks" classname="org.zkoss.ganttz.data.criticalpath.CriticalPathCalculatorTest" time="0.002"/>
  <testcase name="endEndContainerExample2" classname="org.zkoss.ganttz.data.criticalpath.CriticalPathCalculatorTest" time="0.002"/>
  <testcase name="taskContainerWithAnotherContainer" classname="org.zkoss.ganttz.data.criticalpath.CriticalPathCalculatorTest" time="0.002"/>
  <testcase name="twoTaskWithOneCommonDependantTaskWithTwoDependantTasks" classname="org.zkoss.ganttz.data.criticalpath.CriticalPathCalculatorTest" time="0.002"/>
  <testcase name="twoTaskConnectedAndOneIndependentTask" classname="org.zkoss.ganttz.data.criticalpath.CriticalPathCalculatorTest" time="0.002"/>
  <testcase name="twoTaskWithOneCommonDependantTask2" classname="org.zkoss.ganttz.data.criticalpath.CriticalPathCalculatorTest" time="0.002"/>
  <testcase name="twoTasksWithSubtasksRelatedWithEndEnd" classname="org.zkoss.ganttz.data.criticalpath.CriticalPathCalculatorTest" time="0.002"/>
  <testcase name="taskContainerWithAnotherContainer2" classname="org.zkoss.ganttz.data.criticalpath.CriticalPathCalculatorTest" time="0.002"/>
  <testcase name="oneTaskWithTwoDependantTasksLastOneWithEqualConstraint2" classname="org.zkoss.ganttz.data.criticalpath.CriticalPathCalculatorTest" time="0.002"/>
  <testcase name="taskContainerWithTwoSubtasks" classname="org.zkoss.ganttz.data.criticalpath.CriticalPathCalculatorTest" time="0.002"/>
  <testcase name="pairOfTasksEndEndFirstOfThemWithOneSubtask2" classname="org.zkoss.ganttz.data.criticalpath.CriticalPathCalculatorTest" time="0.001"/>
  <testcase name="oneTaskDependingOnTaskContainerWithOneSubtask" classname="org.zkoss.ganttz.data.criticalpath.CriticalPathCalculatorTest" time="0.001"/>
  <testcase name="oneTaskWithTwoDependantTasksLastOneWithEqualConstraint" classname="org.zkoss.ganttz.data.criticalpath.CriticalPathCalculatorTest" time="0.002"/>
  <testcase name="exampleWithContainers" classname="org.zkoss.ganttz.data.criticalpath.CriticalPathCalculatorTest" time="0.002"/>
  <testcase name="pairOfTasksEndEnd2" classname="org.zkoss.ganttz.data.criticalpath.CriticalPathCalculatorTest" time="0.001"/>
  <testcase name="startStartContainerExample" classname="org.zkoss.ganttz.data.criticalpath.CriticalPathCalculatorTest" time="0"/>
  <testcase name="exampleEndEnd" classname="org.zkoss.ganttz.data.criticalpath.CriticalPathCalculatorTest" time="0"/>
  <testcase name="twoTaskConnectedAndOneIndependentTask2" classname="org.zkoss.ganttz.data.criticalpath.CriticalPathCalculatorTest" time="0"/>
  <testcase name="exampleStartStart" classname="org.zkoss.ganttz.data.criticalpath.CriticalPathCalculatorTest" time="0.001"/>
  <testcase name="oneTaskWithTwoDependantTasks2" classname="org.zkoss.ganttz.data.criticalpath.CriticalPathCalculatorTest" time="0.001"/>
  <testcase name="twoTaskWithOneCommonDependantTaskWithTwoDependantTasks2" classname="org.zkoss.ganttz.data.criticalpath.CriticalPathCalculatorTest" time="0.002"/>
  <testcase name="endEndContainerExample" classname="org.zkoss.ganttz.data.criticalpath.CriticalPathCalculatorTest" time="0.001"/>
  <testcase name="taskContainerWithOneSubtask" classname="org.zkoss.ganttz.data.criticalpath.CriticalPathCalculatorTest" time="0"/>
  <testcase name="pairOfTasksStartStart" classname="org.zkoss.ganttz.data.criticalpath.CriticalPathCalculatorTest" time="0.001"/>
  <testcase name="examplePairOfTasksWithDependencyFirstWithBiggerConstraintAndSecondWithEqualConstraint1" classname="org.zkoss.ganttz.data.criticalpath.CriticalPathCalculatorTest" time="0.001"/>
  <testcase name="examplePairOfTasksWithDependencyFirstWithBiggerConstraintAndSecondWithEqualConstraint2" classname="org.zkoss.ganttz.data.criticalpath.CriticalPathCalculatorTest" time="0.001"/>
  <testcase name="examplePairOfTasksWithDependencyFirstWithBiggerConstraintAndSecondWithEqualConstraint3" classname="org.zkoss.ganttz.data.criticalpath.CriticalPathCalculatorTest" time="0.001"/>
  <testcase name="twoTaskWithOneCommonDependantTask" classname="org.zkoss.ganttz.data.criticalpath.CriticalPathCalculatorTest" time="0.002"/>
  <testcase name="twoPairOfTasksNotConnected2" classname="org.zkoss.ganttz.data.criticalpath.CriticalPathCalculatorTest" time="0.002"/>
  <testcase name="twoTaskConnectedAndOneIndependentTaskWithTheSameDuration" classname="org.zkoss.ganttz.data.criticalpath.CriticalPathCalculatorTest" time="0.001"/>
  <testcase name="example2" classname="org.zkoss.ganttz.data.criticalpath.CriticalPathCalculatorTest" time="0.003"/>
  <testcase name="example3" classname="org.zkoss.ganttz.data.criticalpath.CriticalPathCalculatorTest" time="0.003"/>
  <testcase name="trivialBaseCase" classname="org.zkoss.ganttz.data.criticalpath.CriticalPathCalculatorTest" time="0.001"/>
  <testcase name="oneTaskWithTwoDependantTasksLastOneWithBiggerOrEqualThanConstraint2" classname="org.zkoss.ganttz.data.criticalpath.CriticalPathCalculatorTest" time="0.004"/>
  <testcase name="oneTaskWithTwoDependantTasksLastOneWithBiggerOrEqualThanConstraint" classname="org.zkoss.ganttz.data.criticalpath.CriticalPathCalculatorTest" time="0.001"/>
</testsuite>